# JRE version: OpenJDK Runtime Environment (8.0_212-b04) (build 1.8.0_212-release-1586-b04)
# Java VM: OpenJDK 64-Bit Server VM (25.212-b04 mixed mode windows-amd64 compressed oops)
Heap:
 PSYoungGen      total 451584K, used 334446K [0x00000000e0000000, 0x0000000100000000, 0x0000000100000000)
  eden space 398336K, 83% used [0x00000000e0000000,0x00000000f469b998,0x00000000f8500000)
  from space 53248K, 0% used [0x00000000fcc00000,0x00000000fcc00000,0x0000000100000000)
  to   space 62976K, 0% used [0x00000000f8500000,0x00000000f8500000,0x00000000fc280000)
 ParOldGen       total 203264K, used 51675K [0x00000000a0000000, 0x00000000ac680000, 0x00000000e0000000)
  object space 203264K, 25% used [0x00000000a0000000,0x00000000a3276f20,0x00000000ac680000)
 Metaspace       used 123076K, capacity 127940K, committed 131968K, reserved 1163264K
  class space    used 15830K, capacity 16792K, committed 17536K, reserved 1048576K
GC Heap History (10 events):
Event: 508.661 GC heap before
{Heap before GC invocations=65 (full 6):
 PSYoungGen      total 469504K, used 33787K [0x00000000e0000000, 0x0000000100000000, 0x0000000100000000)
  eden space 435712K, 0% used [0x00000000e0000000,0x00000000e0000000,0x00000000fa980000)
  from space 33792K, 99% used [0x00000000fa980000,0x00000000fca7eee0,0x00000000fca80000)
  to   space 47616K, 0% used [0x00000000fd180000,0x00000000fd180000,0x0000000100000000)
 ParOldGen       total 181248K, used 166629K [0x00000000a0000000, 0x00000000ab100000, 0x00000000e0000000)
  object space 181248K, 91% used [0x00000000a0000000,0x00000000aa2b9500,0x00000000ab100000)
 Metaspace       used 95208K, capacity 99958K, committed 100608K, reserved 1136640K
  class space    used 12493K, capacity 13418K, committed 13568K, reserved 1048576K
Event: 557.171 GC heap after
Heap after GC invocations=65 (full 6):
 PSYoungGen      total 469504K, used 0K [0x00000000e0000000, 0x0000000100000000, 0x0000000100000000)
  eden space 435712K, 0% used [0x00000000e0000000,0x00000000e0000000,0x00000000fa980000)
  from space 33792K, 0% used [0x00000000fa980000,0x00000000fa980000,0x00000000fca80000)
  to   space 47616K, 0% used [0x00000000fd180000,0x00000000fd180000,0x0000000100000000)
 ParOldGen       total 203264K, used 116342K [0x00000000a0000000, 0x00000000ac680000, 0x00000000e0000000)
  object space 203264K, 57% used [0x00000000a0000000,0x00000000a719dba8,0x00000000ac680000)
 Metaspace       used 95140K, capacity 99778K, committed 100608K, reserved 1136640K
  class space    used 12469K, capacity 13374K, committed 13568K, reserved 1048576K
}
Event: 2122.252 GC heap before
{Heap before GC invocations=66 (full 6):
 PSYoungGen      total 469504K, used 435712K [0x00000000e0000000, 0x0000000100000000, 0x0000000100000000)
  eden space 435712K, 100% used [0x00000000e0000000,0x00000000fa980000,0x00000000fa980000)
  from space 33792K, 0% used [0x00000000fa980000,0x00000000fa980000,0x00000000fca80000)
  to   space 47616K, 0% used [0x00000000fd180000,0x00000000fd180000,0x0000000100000000)
 ParOldGen       total 203264K, used 116345K [0x00000000a0000000, 0x00000000ac680000, 0x00000000e0000000)
  object space 203264K, 57% used [0x00000000a0000000,0x00000000a719e7a0,0x00000000ac680000)
 Metaspace       used 102949K, capacity 108350K, committed 108544K, reserved 1142784K
  class space    used 13443K, capacity 14480K, committed 14592K, reserved 1048576K
Event: 2127.173 GC heap after
Heap after GC invocations=66 (full 6):
 PSYoungGen      total 465408K, used 42031K [0x00000000e0000000, 0x0000000100000000, 0x0000000100000000)
  eden space 417792K, 0% used [0x00000000e0000000,0x00000000e0000000,0x00000000f9800000)
  from space 47616K, 88% used [0x00000000fd180000,0x00000000ffa8bd00,0x0000000100000000)
  to   space 53248K, 0% used [0x00000000f9800000,0x00000000f9800000,0x00000000fcc00000)
 ParOldGen       total 203264K, used 116353K [0x00000000a0000000, 0x00000000ac680000, 0x00000000e0000000)
  object space 203264K, 57% used [0x00000000a0000000,0x00000000a71a07a0,0x00000000ac680000)
 Metaspace       used 102949K, capacity 108350K, committed 108544K, reserved 1142784K
  class space    used 13443K, capacity 14480K, committed 14592K, reserved 1048576K
}
Event: 2227.655 GC heap before
{Heap before GC invocations=67 (full 6):
 PSYoungGen      total 465408K, used 459823K [0x00000000e0000000, 0x0000000100000000, 0x0000000100000000)
  eden space 417792K, 100% used [0x00000000e0000000,0x00000000f9800000,0x00000000f9800000)
  from space 47616K, 88% used [0x00000000fd180000,0x00000000ffa8bd00,0x0000000100000000)
  to   space 53248K, 0% used [0x00000000f9800000,0x00000000f9800000,0x00000000fcc00000)
 ParOldGen       total 203264K, used 116353K [0x00000000a0000000, 0x00000000ac680000, 0x00000000e0000000)
  object space 203264K, 57% used [0x00000000a0000000,0x00000000a71a07a0,0x00000000ac680000)
 Metaspace       used 121391K, capacity 128200K, committed 128512K, reserved 1161216K
  class space    used 15998K, capacity 17330K, committed 17408K, reserved 1048576K
Event: 2239.464 GC heap after
Heap after GC invocations=67 (full 6):
 PSYoungGen      total 471040K, used 53225K [0x00000000e0000000, 0x0000000100000000, 0x0000000100000000)
  eden space 417792K, 0% used [0x00000000e0000000,0x00000000e0000000,0x00000000f9800000)
  from space 53248K, 99% used [0x00000000f9800000,0x00000000fcbfa488,0x00000000fcc00000)
  to   space 53248K, 0% used [0x00000000fcc00000,0x00000000fcc00000,0x0000000100000000)
 ParOldGen       total 203264K, used 127215K [0x00000000a0000000, 0x00000000ac680000, 0x00000000e0000000)
  object space 203264K, 62% used [0x00000000a0000000,0x00000000a7c3bd10,0x00000000ac680000)
 Metaspace       used 121391K, capacity 128200K, committed 128512K, reserved 1161216K
  class space    used 15998K, capacity 17330K, committed 17408K, reserved 1048576K
}
Event: 4157.266 GC heap before
{Heap before GC invocations=68 (full 6):
 PSYoungGen      total 471040K, used 86538K [0x00000000e0000000, 0x0000000100000000, 0x0000000100000000)
  eden space 417792K, 7% used [0x00000000e0000000,0x00000000e20884d8,0x00000000f9800000)
  from space 53248K, 99% used [0x00000000f9800000,0x00000000fcbfa488,0x00000000fcc00000)
  to   space 53248K, 0% used [0x00000000fcc00000,0x00000000fcc00000,0x0000000100000000)
 ParOldGen       total 203264K, used 127215K [0x00000000a0000000, 0x00000000ac680000, 0x00000000e0000000)
  object space 203264K, 62% used [0x00000000a0000000,0x00000000a7c3bd10,0x00000000ac680000)
 Metaspace       used 124113K, capacity 130920K, committed 131200K, reserved 1163264K
  class space    used 16172K, capacity 17490K, committed 17536K, reserved 1048576K
Event: 4185.270 GC heap after
Heap after GC invocations=68 (full 6):
 PSYoungGen      total 451584K, used 20971K [0x00000000e0000000, 0x0000000100000000, 0x0000000100000000)
  eden space 398336K, 0% used [0x00000000e0000000,0x00000000e0000000,0x00000000f8500000)
  from space 53248K, 39% used [0x00000000fcc00000,0x00000000fe07ad70,0x0000000100000000)
  to   space 62976K, 0% used [0x00000000f8500000,0x00000000f8500000,0x00000000fc280000)
 ParOldGen       total 203264K, used 152101K [0x00000000a0000000, 0x00000000ac680000, 0x00000000e0000000)
  object space 203264K, 74% used [0x00000000a0000000,0x00000000a9489788,0x00000000ac680000)
 Metaspace       used 124113K, capacity 130920K, committed 131200K, reserved 1163264K
  class space    used 16172K, capacity 17490K, committed 17536K, reserved 1048576K
}
Event: 4185.277 GC heap before
{Heap before GC invocations=69 (full 7):
 PSYoungGen      total 451584K, used 20971K [0x00000000e0000000, 0x0000000100000000, 0x0000000100000000)
  eden space 398336K, 0% used [0x00000000e0000000,0x00000000e0000000,0x00000000f8500000)
  from space 53248K, 39% used [0x00000000fcc00000,0x00000000fe07ad70,0x0000000100000000)
  to   space 62976K, 0% used [0x00000000f8500000,0x00000000f8500000,0x00000000fc280000)
 ParOldGen       total 203264K, used 152101K [0x00000000a0000000, 0x00000000ac680000, 0x00000000e0000000)
  object space 203264K, 74% used [0x00000000a0000000,0x00000000a9489788,0x00000000ac680000)
 Metaspace       used 124113K, capacity 130920K, committed 131200K, reserved 1163264K
  class space    used 16172K, capacity 17490K, committed 17536K, reserved 1048576K
Event: 4300.056 GC heap after
Heap after GC invocations=69 (full 7):
 PSYoungGen      total 451584K, used 0K [0x00000000e0000000, 0x0000000100000000, 0x0000000100000000)
  eden space 398336K, 0% used [0x00000000e0000000,0x00000000e0000000,0x00000000f8500000)
  from space 53248K, 0% used [0x00000000fcc00000,0x00000000fcc00000,0x0000000100000000)
  to   space 62976K, 0% used [0x00000000f8500000,0x00000000f8500000,0x00000000fc280000)
 ParOldGen       total 203264K, used 51675K [0x00000000a0000000, 0x00000000ac680000, 0x00000000e0000000)
  object space 203264K, 25% used [0x00000000a0000000,0x00000000a3276f20,0x00000000ac680000)
 Metaspace       used 119945K, capacity 124290K, committed 131200K, reserved 1163264K
  class space    used 15488K, capacity 16341K, committed 17536K, reserved 1048576K
}

