# JRE version: OpenJDK Runtime Environment (8.0_212-b04) (build 1.8.0_212-release-1586-b04)
# Java VM: OpenJDK 64-Bit Server VM (25.212-b04 mixed mode windows-amd64 compressed oops)
Heap:
 PSYoungGen      total 445440K, used 329701K [0x00000000e0000000, 0x00000000ff200000, 0x0000000100000000)
  eden space 380928K, 76% used [0x00000000e0000000,0x00000000f1b18360,0x00000000f7400000)
  from space 64512K, 61% used [0x00000000f7400000,0x00000000f9ae1268,0x00000000fb300000)
  to   space 61952K, 0% used [0x00000000fb580000,0x00000000fb580000,0x00000000ff200000)
 ParOldGen       total 203264K, used 128104K [0x00000000a0000000, 0x00000000ac680000, 0x00000000e0000000)
  object space 203264K, 63% used [0x00000000a0000000,0x00000000a7d1a210,0x00000000ac680000)
 Metaspace       used 88765K, capacity 92550K, committed 93824K, reserved 1130496K
  class space    used 11802K, capacity 12558K, committed 12928K, reserved 1048576K
GC Heap History (10 events):
Event: 421.920 GC heap before
{Heap before GC invocations=72 (full 5):
 PSYoungGen      total 388096K, used 381495K [0x00000000e0000000, 0x00000000fb780000, 0x0000000100000000)
  eden space 340480K, 100% used [0x00000000e0000000,0x00000000f4c80000,0x00000000f4c80000)
  from space 47616K, 86% used [0x00000000f8000000,0x00000000fa80def0,0x00000000fae80000)
  to   space 52736K, 0% used [0x00000000f4c80000,0x00000000f4c80000,0x00000000f8000000)
 ParOldGen       total 203264K, used 128088K [0x00000000a0000000, 0x00000000ac680000, 0x00000000e0000000)
  object space 203264K, 63% used [0x00000000a0000000,0x00000000a7d16210,0x00000000ac680000)
 Metaspace       used 87123K, capacity 90532K, committed 92416K, reserved 1128448K
  class space    used 11655K, capacity 12377K, committed 12800K, reserved 1048576K
Event: 422.158 GC heap after
Heap after GC invocations=72 (full 5):
 PSYoungGen      total 393216K, used 39588K [0x00000000e0000000, 0x00000000fd300000, 0x0000000100000000)
  eden space 340480K, 0% used [0x00000000e0000000,0x00000000e0000000,0x00000000f4c80000)
  from space 52736K, 75% used [0x00000000f4c80000,0x00000000f73293e0,0x00000000f8000000)
  to   space 56320K, 0% used [0x00000000f9c00000,0x00000000f9c00000,0x00000000fd300000)
 ParOldGen       total 203264K, used 128088K [0x00000000a0000000, 0x00000000ac680000, 0x00000000e0000000)
  object space 203264K, 63% used [0x00000000a0000000,0x00000000a7d16210,0x00000000ac680000)
 Metaspace       used 87123K, capacity 90532K, committed 92416K, reserved 1128448K
  class space    used 11655K, capacity 12377K, committed 12800K, reserved 1048576K
}
Event: 423.777 GC heap before
{Heap before GC invocations=73 (full 5):
 PSYoungGen      total 393216K, used 380068K [0x00000000e0000000, 0x00000000fd300000, 0x0000000100000000)
  eden space 340480K, 100% used [0x00000000e0000000,0x00000000f4c80000,0x00000000f4c80000)
  from space 52736K, 75% used [0x00000000f4c80000,0x00000000f73293e0,0x00000000f8000000)
  to   space 56320K, 0% used [0x00000000f9c00000,0x00000000f9c00000,0x00000000fd300000)
 ParOldGen       total 203264K, used 128088K [0x00000000a0000000, 0x00000000ac680000, 0x00000000e0000000)
  object space 203264K, 63% used [0x00000000a0000000,0x00000000a7d16210,0x00000000ac680000)
 Metaspace       used 87123K, capacity 90532K, committed 92416K, reserved 1128448K
  class space    used 11655K, capacity 12377K, committed 12800K, reserved 1048576K
Event: 423.869 GC heap after
Heap after GC invocations=73 (full 5):
 PSYoungGen      total 418816K, used 40949K [0x00000000e0000000, 0x00000000fd680000, 0x0000000100000000)
  eden space 362496K, 0% used [0x00000000e0000000,0x00000000e0000000,0x00000000f6200000)
  from space 56320K, 72% used [0x00000000f9c00000,0x00000000fc3fd7a0,0x00000000fd300000)
  to   space 59392K, 0% used [0x00000000f6200000,0x00000000f6200000,0x00000000f9c00000)
 ParOldGen       total 203264K, used 128088K [0x00000000a0000000, 0x00000000ac680000, 0x00000000e0000000)
  object space 203264K, 63% used [0x00000000a0000000,0x00000000a7d16210,0x00000000ac680000)
 Metaspace       used 87123K, capacity 90532K, committed 92416K, reserved 1128448K
  class space    used 11655K, capacity 12377K, committed 12800K, reserved 1048576K
}
Event: 428.182 GC heap before
{Heap before GC invocations=74 (full 5):
 PSYoungGen      total 418816K, used 403445K [0x00000000e0000000, 0x00000000fd680000, 0x0000000100000000)
  eden space 362496K, 100% used [0x00000000e0000000,0x00000000f6200000,0x00000000f6200000)
  from space 56320K, 72% used [0x00000000f9c00000,0x00000000fc3fd7a0,0x00000000fd300000)
  to   space 59392K, 0% used [0x00000000f6200000,0x00000000f6200000,0x00000000f9c00000)
 ParOldGen       total 203264K, used 128088K [0x00000000a0000000, 0x00000000ac680000, 0x00000000e0000000)
  object space 203264K, 63% used [0x00000000a0000000,0x00000000a7d16210,0x00000000ac680000)
 Metaspace       used 87123K, capacity 90532K, committed 92416K, reserved 1128448K
  class space    used 11655K, capacity 12377K, committed 12800K, reserved 1048576K
Event: 428.492 GC heap after
Heap after GC invocations=74 (full 5):
 PSYoungGen      total 421888K, used 46187K [0x00000000e0000000, 0x00000000ff380000, 0x0000000100000000)
  eden space 362496K, 0% used [0x00000000e0000000,0x00000000e0000000,0x00000000f6200000)
  from space 59392K, 77% used [0x00000000f6200000,0x00000000f8f1ae88,0x00000000f9c00000)
  to   space 63488K, 0% used [0x00000000fb580000,0x00000000fb580000,0x00000000ff380000)
 ParOldGen       total 203264K, used 128088K [0x00000000a0000000, 0x00000000ac680000, 0x00000000e0000000)
  object space 203264K, 63% used [0x00000000a0000000,0x00000000a7d16210,0x00000000ac680000)
 Metaspace       used 87123K, capacity 90532K, committed 92416K, reserved 1128448K
  class space    used 11655K, capacity 12377K, committed 12800K, reserved 1048576K
}
Event: 499.868 GC heap before
{Heap before GC invocations=75 (full 5):
 PSYoungGen      total 421888K, used 408683K [0x00000000e0000000, 0x00000000ff380000, 0x0000000100000000)
  eden space 362496K, 100% used [0x00000000e0000000,0x00000000f6200000,0x00000000f6200000)
  from space 59392K, 77% used [0x00000000f6200000,0x00000000f8f1ae88,0x00000000f9c00000)
  to   space 63488K, 0% used [0x00000000fb580000,0x00000000fb580000,0x00000000ff380000)
 ParOldGen       total 203264K, used 128088K [0x00000000a0000000, 0x00000000ac680000, 0x00000000e0000000)
  object space 203264K, 63% used [0x00000000a0000000,0x00000000a7d16210,0x00000000ac680000)
 Metaspace       used 87723K, capacity 91278K, committed 92928K, reserved 1130496K
  class space    used 11705K, capacity 12412K, committed 12800K, reserved 1048576K
Event: 500.672 GC heap after
Heap after GC invocations=75 (full 5):
 PSYoungGen      total 442880K, used 39675K [0x00000000e0000000, 0x00000000ff200000, 0x0000000100000000)
  eden space 380928K, 0% used [0x00000000e0000000,0x00000000e0000000,0x00000000f7400000)
  from space 61952K, 64% used [0x00000000fb580000,0x00000000fdc3eee0,0x00000000ff200000)
  to   space 64512K, 0% used [0x00000000f7400000,0x00000000f7400000,0x00000000fb300000)
 ParOldGen       total 203264K, used 128096K [0x00000000a0000000, 0x00000000ac680000, 0x00000000e0000000)
  object space 203264K, 63% used [0x00000000a0000000,0x00000000a7d18210,0x00000000ac680000)
 Metaspace       used 87723K, capacity 91278K, committed 92928K, reserved 1130496K
  class space    used 11705K, capacity 12412K, committed 12800K, reserved 1048576K
}
Event: 506.157 GC heap before
{Heap before GC invocations=76 (full 5):
 PSYoungGen      total 442880K, used 420603K [0x00000000e0000000, 0x00000000ff200000, 0x0000000100000000)
  eden space 380928K, 100% used [0x00000000e0000000,0x00000000f7400000,0x00000000f7400000)
  from space 61952K, 64% used [0x00000000fb580000,0x00000000fdc3eee0,0x00000000ff200000)
  to   space 64512K, 0% used [0x00000000f7400000,0x00000000f7400000,0x00000000fb300000)
 ParOldGen       total 203264K, used 128096K [0x00000000a0000000, 0x00000000ac680000, 0x00000000e0000000)
  object space 203264K, 63% used [0x00000000a0000000,0x00000000a7d18210,0x00000000ac680000)
 Metaspace       used 87940K, capacity 91460K, committed 93056K, reserved 1130496K
  class space    used 11716K, capacity 12445K, committed 12928K, reserved 1048576K
Event: 506.204 GC heap after
Heap after GC invocations=76 (full 5):
 PSYoungGen      total 445440K, used 39812K [0x00000000e0000000, 0x00000000ff200000, 0x0000000100000000)
  eden space 380928K, 0% used [0x00000000e0000000,0x00000000e0000000,0x00000000f7400000)
  from space 64512K, 61% used [0x00000000f7400000,0x00000000f9ae1268,0x00000000fb300000)
  to   space 61952K, 0% used [0x00000000fb580000,0x00000000fb580000,0x00000000ff200000)
 ParOldGen       total 203264K, used 128104K [0x00000000a0000000, 0x00000000ac680000, 0x00000000e0000000)
  object space 203264K, 63% used [0x00000000a0000000,0x00000000a7d1a210,0x00000000ac680000)
 Metaspace       used 87940K, capacity 91460K, committed 93056K, reserved 1130496K
  class space    used 11716K, capacity 12445K, committed 12928K, reserved 1048576K
}

